<?xml version="1.0" encoding="UTF-8"?><testrun name="AppiumTests" project="AppiumTests" tests="19" started="19" failures="1" errors="1" ignored="0">
  <testsuite name="test.java.appium.BasicFunctionality" time="83.163">
    <testcase name="OpenTransactionsView" classname="test.java.appium.BasicFunctionality" time="17.934"/>
    <testcase name="OpenOverview" classname="test.java.appium.BasicFunctionality" time="16.894"/>
    <testcase name="OpenAccountsView" classname="test.java.appium.BasicFunctionality" time="17.0"/>
    <testcase name="OpenReportsView" classname="test.java.appium.BasicFunctionality" time="15.905"/>
    <testcase name="MenuOverviewButton" classname="test.java.appium.BasicFunctionality" time="15.43"/>
  </testsuite>
  <testsuite name="test.java.appium.SettingsSection" time="146.327">
    <testcase name="ChangeCurrencies" classname="test.java.appium.SettingsSection" time="22.608">
      <failure>
        <expected>USD 1,000.00</expected>
        <actual>1,000.00 USD</actual>junit.framework.ComparisonFailure: expected:&lt;[USD 1,000.00]&gt; but was:&lt;[1,000.00 USD]&gt;&#13;
	at junit.framework.Assert.assertEquals(Assert.java:100)&#13;
	at junit.framework.Assert.assertEquals(Assert.java:107)&#13;
	at test.java.appium.SettingsSection.ChangeCurrencies(SettingsSection.java:42)&#13;
	at sun.reflect.NativeMethodAccessorImpl.invoke0(Native Method)&#13;
	at sun.reflect.NativeMethodAccessorImpl.invoke(Unknown Source)&#13;
	at sun.reflect.DelegatingMethodAccessorImpl.invoke(Unknown Source)&#13;
	at java.lang.reflect.Method.invoke(Unknown Source)&#13;
	at org.junit.runners.model.FrameworkMethod$1.runReflectiveCall(FrameworkMethod.java:50)&#13;
	at org.junit.internal.runners.model.ReflectiveCallable.run(ReflectiveCallable.java:12)&#13;
	at org.junit.runners.model.FrameworkMethod.invokeExplosively(FrameworkMethod.java:47)&#13;
	at org.junit.internal.runners.statements.InvokeMethod.evaluate(InvokeMethod.java:17)&#13;
	at org.junit.internal.runners.statements.RunBefores.evaluate(RunBefores.java:26)&#13;
	at org.junit.internal.runners.statements.RunAfters.evaluate(RunAfters.java:27)&#13;
	at org.junit.runners.ParentRunner.runLeaf(ParentRunner.java:325)&#13;
	at org.junit.runners.BlockJUnit4ClassRunner.runChild(BlockJUnit4ClassRunner.java:78)&#13;
	at org.junit.runners.BlockJUnit4ClassRunner.runChild(BlockJUnit4ClassRunner.java:57)&#13;
	at org.junit.runners.ParentRunner$3.run(ParentRunner.java:290)&#13;
	at org.junit.runners.ParentRunner$1.schedule(ParentRunner.java:71)&#13;
	at org.junit.runners.ParentRunner.runChildren(ParentRunner.java:288)&#13;
	at org.junit.runners.ParentRunner.access$000(ParentRunner.java:58)&#13;
	at org.junit.runners.ParentRunner$2.evaluate(ParentRunner.java:268)&#13;
	at org.junit.runners.ParentRunner.run(ParentRunner.java:363)&#13;
	at org.eclipse.jdt.internal.junit4.runner.JUnit4TestReference.run(JUnit4TestReference.java:86)&#13;
	at org.eclipse.jdt.internal.junit.runner.TestExecution.run(TestExecution.java:38)&#13;
	at org.eclipse.jdt.internal.junit.runner.RemoteTestRunner.runTests(RemoteTestRunner.java:459)&#13;
	at org.eclipse.jdt.internal.junit.runner.RemoteTestRunner.runTests(RemoteTestRunner.java:678)&#13;
	at org.eclipse.jdt.internal.junit.runner.RemoteTestRunner.run(RemoteTestRunner.java:382)&#13;
	at org.eclipse.jdt.internal.junit.runner.RemoteTestRunner.main(RemoteTestRunner.java:192)&#13;
&#13;
</failure>
    </testcase>
    <testcase name="OpenSecurity" classname="test.java.appium.SettingsSection" time="17.282"/>
    <testcase name="ChangeTags" classname="test.java.appium.SettingsSection" time="30.933"/>
    <testcase name="ChangePeriod" classname="test.java.appium.SettingsSection" time="18.344"/>
    <testcase name="OpenAboutMe" classname="test.java.appium.SettingsSection" time="17.237"/>
    <testcase name="ChangeCategories" classname="test.java.appium.SettingsSection" time="22.737">
      <error>org.openqa.selenium.TimeoutException: Expected condition failed: waiting for visibility of all elements located by By.xpath: //*[@text="Koszty"] (tried for 5 second(s) with 500 MILLISECONDS interval)
Build info: version: 'unknown', revision: 'unknown', time: 'unknown'
System info: host: 'DESKTOP-25PJKC2', ip: '10.49.253.104', os.name: 'Windows 10', os.arch: 'amd64', os.version: '10.0', java.version: '1.8.0_131'
Driver info: io.appium.java_client.android.AndroidDriver
Capabilities [{app=C:\Users\sylwia.rutkiewicz\Documents\AppiumTestGitHub\AppiumTest\apps\Financius.v0.18.2.apk, appPackage=com.code44.finance, deviceScreenSize=1080x1920, networkConnectionEnabled=true, noReset=true, warnings={}, appWaitActivity=com.code44.finance.*, appWaitPackage=com.code44.finance, databaseEnabled=false, deviceName=4TE0216902022189, fullReset=false, platform=LINUX, deviceUDID=4TE0216902022189, appActivity=com.code44.finance.ui.SplashActivity, desired={app=C:\Users\sylwia.rutkiewicz\Documents\AppiumTestGitHub\AppiumTest\apps\Financius.v0.18.2.apk, appPackage=com.code44.finance, noReset=true, platformVersion=7.0, appWaitActivity=com.code44.finance.*, platformName=Android, deviceName=4TE0216902022189, fullReset=false}, platformVersion=7.0, webStorageEnabled=false, locationContextEnabled=false, takesScreenshot=true, javascriptEnabled=true, deviceModel=HUAWEI VNS-L31, platformName=Android, deviceManufacturer=HUAWEI}]
Session ID: de907418-4dd1-46be-a62e-93591b309c22&#13;
	at org.openqa.selenium.support.ui.WebDriverWait.timeoutException(WebDriverWait.java:80)&#13;
	at org.openqa.selenium.support.ui.FluentWait.until(FluentWait.java:232)&#13;
	at test.java.appium.MainSettings.WaitFor(MainSettings.java:48)&#13;
	at test.java.appium.SettingsSection.ChangeCategories(SettingsSection.java:52)&#13;
	at sun.reflect.NativeMethodAccessorImpl.invoke0(Native Method)&#13;
	at sun.reflect.NativeMethodAccessorImpl.invoke(Unknown Source)&#13;
	at sun.reflect.DelegatingMethodAccessorImpl.invoke(Unknown Source)&#13;
	at java.lang.reflect.Method.invoke(Unknown Source)&#13;
	at org.junit.runners.model.FrameworkMethod$1.runReflectiveCall(FrameworkMethod.java:50)&#13;
	at org.junit.internal.runners.model.ReflectiveCallable.run(ReflectiveCallable.java:12)&#13;
	at org.junit.runners.model.FrameworkMethod.invokeExplosively(FrameworkMethod.java:47)&#13;
	at org.junit.internal.runners.statements.InvokeMethod.evaluate(InvokeMethod.java:17)&#13;
	at org.junit.internal.runners.statements.RunBefores.evaluate(RunBefores.java:26)&#13;
	at org.junit.internal.runners.statements.RunAfters.evaluate(RunAfters.java:27)&#13;
	at org.junit.runners.ParentRunner.runLeaf(ParentRunner.java:325)&#13;
	at org.junit.runners.BlockJUnit4ClassRunner.runChild(BlockJUnit4ClassRunner.java:78)&#13;
	at org.junit.runners.BlockJUnit4ClassRunner.runChild(BlockJUnit4ClassRunner.java:57)&#13;
	at org.junit.runners.ParentRunner$3.run(ParentRunner.java:290)&#13;
	at org.junit.runners.ParentRunner$1.schedule(ParentRunner.java:71)&#13;
	at org.junit.runners.ParentRunner.runChildren(ParentRunner.java:288)&#13;
	at org.junit.runners.ParentRunner.access$000(ParentRunner.java:58)&#13;
	at org.junit.runners.ParentRunner$2.evaluate(ParentRunner.java:268)&#13;
	at org.junit.runners.ParentRunner.run(ParentRunner.java:363)&#13;
	at org.eclipse.jdt.internal.junit4.runner.JUnit4TestReference.run(JUnit4TestReference.java:86)&#13;
	at org.eclipse.jdt.internal.junit.runner.TestExecution.run(TestExecution.java:38)&#13;
	at org.eclipse.jdt.internal.junit.runner.RemoteTestRunner.runTests(RemoteTestRunner.java:459)&#13;
	at org.eclipse.jdt.internal.junit.runner.RemoteTestRunner.runTests(RemoteTestRunner.java:678)&#13;
	at org.eclipse.jdt.internal.junit.runner.RemoteTestRunner.run(RemoteTestRunner.java:382)&#13;
	at org.eclipse.jdt.internal.junit.runner.RemoteTestRunner.main(RemoteTestRunner.java:192)&#13;
&#13;
</error>
    </testcase>
    <testcase name="OpenYourData" classname="test.java.appium.SettingsSection" time="17.185"/>
  </testsuite>
  <testsuite name="test.java.appium.AccountsSection" time="77.187">
    <testcase name="test_01_CreateAccounts" classname="test.java.appium.AccountsSection" time="34.119"/>
    <testcase name="test_02_ChangeSettingsOfAccount" classname="test.java.appium.AccountsSection" time="19.794"/>
    <testcase name="test_03_DeleteAccounts" classname="test.java.appium.AccountsSection" time="23.274"/>
  </testsuite>
  <testsuite name="test.java.appium.TrasactionsSection" time="119.778">
    <testcase name="test_01_AddAccount" classname="test.java.appium.TrasactionsSection" time="24.117"/>
    <testcase name="test_02_AddTrasactions" classname="test.java.appium.TrasactionsSection" time="39.964"/>
    <testcase name="test_03_ChangeTransactions" classname="test.java.appium.TrasactionsSection" time="27.1"/>
    <testcase name="test_04_DeleteTransactions" classname="test.java.appium.TrasactionsSection" time="28.597"/>
  </testsuite>
</testrun>
